<?xml version="1.0" encoding="UTF-8"?>
<!-- Generated by org.testng.reporters.JUnitReportReporter -->
<testsuite hostname="Kunal-PC" name="selPractice.TC4" tests="1" failures="0" timestamp="13 Apr 2019 05:14:28 GMT" time="99.474" errors="0">
  <testcase name="SignInVideoSubscribe" time="99.474" classname="selPractice.TC4"/>
</testsuite> <!-- selPractice.TC4 -->
