<?xml version="1.0" encoding="UTF-8"?>
<!-- Generated by org.testng.reporters.JUnitReportReporter -->
<testsuite hostname="Kunal-PC" name="org.testing.TestCases.Class_TC4" tests="1" failures="0" timestamp="5 May 2019 16:21:26 GMT" time="71.572" errors="0">
  <testcase name="SignInVideoSubscribe" time="71.572" classname="org.testing.TestCases.Class_TC4"/>
</testsuite> <!-- org.testing.TestCases.Class_TC4 -->
